Using pre-set license
Built from '2023.2/staging' branch; Version is '2023.2.11f1 (6a1e21c61430) revision 6954529'; Using compiler version '193431935'; Build Type 'Release'
OS: 'Windows 11  (10.0.22631) 64bit ProfessionalEducation' Language: 'pt' Physical Memory: 15741 MB
BatchMode: 1, IsHumanControllingUs: 0, StartBugReporterOnCrash: 0, Is64bit: 1, IsPro: 1

COMMAND LINE ARGUMENTS:
C:\Program Files\Unity\Hub\Editor\2023.2.11f1\Editor\Unity.exe
-adb2
-batchMode
-noUpm
-name
AssetImportWorker0
-projectPath
C:/Users/2jd/Desktop/Guilherme H. e Giovanna S/BolaBasquete
-logFile
Logs/AssetImportWorker0.log
-srvPort
53744
-job-worker-count
5
-background-job-worker-count
8
-asset-garbage-collectors
1
Successfully changed project path to: C:/Users/2jd/Desktop/Guilherme H. e Giovanna S/BolaBasquete
C:/Users/2jd/Desktop/Guilherme H. e Giovanna S/BolaBasquete
[UnityMemory] Configuration Parameters - Can be set up in boot.config
    "memorysetup-bucket-allocator-granularity=16"
    "memorysetup-bucket-allocator-bucket-count=8"
    "memorysetup-bucket-allocator-block-size=33554432"
    "memorysetup-bucket-allocator-block-count=8"
    "memorysetup-main-allocator-block-size=16777216"
    "memorysetup-thread-allocator-block-size=16777216"
    "memorysetup-gfx-main-allocator-block-size=16777216"
    "memorysetup-gfx-thread-allocator-block-size=16777216"
    "memorysetup-cache-allocator-block-size=4194304"
    "memorysetup-typetree-allocator-block-size=2097152"
    "memorysetup-profiler-bucket-allocator-granularity=16"
    "memorysetup-profiler-bucket-allocator-bucket-count=8"
    "memorysetup-profiler-bucket-allocator-block-size=33554432"
    "memorysetup-profiler-bucket-allocator-block-count=8"
    "memorysetup-profiler-allocator-block-size=16777216"
    "memorysetup-profiler-editor-allocator-block-size=1048576"
    "memorysetup-temp-allocator-size-main=16777216"
    "memorysetup-job-temp-allocator-block-size=2097152"
    "memorysetup-job-temp-allocator-block-size-background=1048576"
    "memorysetup-job-temp-allocator-reduction-small-platforms=262144"
    "memorysetup-allocator-temp-initial-block-size-main=262144"
    "memorysetup-allocator-temp-initial-block-size-worker=262144"
    "memorysetup-temp-allocator-size-background-worker=32768"
    "memorysetup-temp-allocator-size-job-worker=262144"
    "memorysetup-temp-allocator-size-preload-manager=33554432"
    "memorysetup-temp-allocator-size-nav-mesh-worker=65536"
    "memorysetup-temp-allocator-size-audio-worker=65536"
    "memorysetup-temp-allocator-size-cloud-worker=32768"
    "memorysetup-temp-allocator-size-gi-baking-worker=262144"
    "memorysetup-temp-allocator-size-gi-baking-worker=262144"
    "memorysetup-temp-allocator-size-gi-baking-worker=262144"
    "memorysetup-temp-allocator-size-gi-baking-worker=262144"
    "memorysetup-temp-allocator-size-gfx=262144"
Player connection [16816] Host "[IP] 192.168.1.193 [Port] 0 [Flags] 2 [Guid] 2456131668 [EditorId] 2456131668 [Version] 1048832 [Id] WindowsEditor(7,PCLAB3-08) [Debug] 1 [PackageName] WindowsEditor [ProjectName] Editor" joined multi-casting on [225.0.0.222:54997]...
Player connection [16816] Host "[IP] 192.168.1.193 [Port] 0 [Flags] 2 [Guid] 2456131668 [EditorId] 2456131668 [Version] 1048832 [Id] WindowsEditor(7,PCLAB3-08) [Debug] 1 [PackageName] WindowsEditor [ProjectName] Editor" joined alternative multi-casting on [225.0.0.222:34997]...
JobSystem: Creating JobQueue using job-worker-count value 5
[Physics::Module] Initialized MultithreadedJobDispatcher with 5 workers.
Library Redirect Path: Library/
Refreshing native plugins compatible for Editor in 1.31 ms, found 3 plugins.
Preloading 0 native plugins for Editor in 0.00 ms.
Initialize engine version: 2023.2.11f1 (6a1e21c61430)
[Subsystems] Discovering subsystems at path C:/Program Files/Unity/Hub/Editor/2023.2.11f1/Editor/Data/Resources/UnitySubsystems
[Subsystems] Discovering subsystems at path C:/Users/2jd/Desktop/Guilherme H. e Giovanna S/BolaBasquete/Assets
GfxDevice: creating device client; kGfxThreadingModeNonThreaded
Direct3D:
    Version:  Direct3D 11.0 [level 11.1]
    Renderer: AMD Radeon(TM) Graphics (ID=0x1636)
    Vendor:   ATI
    VRAM:     7870 MB
    Driver:   30.0.14030.1004
Initialize mono
Mono path[0] = 'C:/Program Files/Unity/Hub/Editor/2023.2.11f1/Editor/Data/Managed'
Mono path[1] = 'C:/Program Files/Unity/Hub/Editor/2023.2.11f1/Editor/Data/MonoBleedingEdge/lib/mono/unityjit-win32'
Mono config path = 'C:/Program Files/Unity/Hub/Editor/2023.2.11f1/Editor/Data/MonoBleedingEdge/etc'
Using monoOptions --debugger-agent=transport=dt_socket,embedding=1,server=y,suspend=n,address=127.0.0.1:56580
Begin MonoManager ReloadAssembly
C:\build\output\Unity-Technologies\mono\mono\metadata\icall.c:1842:
C:\build\output\Unity-Technologies\mono\mono\metadata\icall.c:1842:
C:\build\output\Unity-Technologies\mono\mono\metadata\icall.c:1842:
C:\build\output\Unity-Technologies\mono\mono\metadata\icall.c:1842:
C:\build\output\Unity-Technologies\mono\mono\metadata\icall.c:1842:
C:\build\output\Unity-Technologies\mono\mono\metadata\icall.c:1842:
C:\build\output\Unity-Technologies\mono\mono\metadata\icall.c:1842:
C:\build\output\Unity-Technologies\mono\mono\metadata\icall.c:1842:
C:\build\output\Unity-Technologies\mono\mono\metadata\icall.c:1842:
C:\build\output\Unity-Technologies\mono\mono\metadata\icall.c:1842:
Registering precompiled unity dll's ...
Register platform support module: C:/Program Files/Unity/Hub/Editor/2023.2.11f1/Editor/Data/PlaybackEngines/WindowsStandaloneSupport/UnityEditor.WindowsStandalone.Extensions.dll
Registered in 0.002950 seconds.
- Loaded All Assemblies, in  0.410 seconds
Native extension for WindowsStandalone target not found
Mono: successfully reloaded assembly
C:\build\output\Unity-Technologies\mono\mono\metadata\icall.c:1842:
C:\build\output\Unity-Technologies\mono\mono\metadata\icall.c:1842:
- Finished resetting the current domain, in  0.352 seconds
Domain Reload Profiling: 761ms
	BeginReloadAssembly (129ms)
		ExecutionOrderSort (0ms)
		DisableScriptedObjects (0ms)
		BackupInstance (0ms)
		ReleaseScriptingObjects (0ms)
		CreateAndSetChildDomain (1ms)
	RebuildCommonClasses (39ms)
	RebuildNativeTypeToScriptingClass (13ms)
	initialDomainReloadingComplete (50ms)
	LoadAllAssembliesAndSetupDomain (177ms)
		LoadAssemblies (125ms)
		RebuildTransferFunctionScriptingTraits (0ms)
		AnalyzeDomain (174ms)
			TypeCache.Refresh (173ms)
				TypeCache.ScanAssembly (159ms)
			BuildScriptInfoCaches (0ms)
			ResolveRequiredComponents (0ms)
	FinalizeReload (353ms)
		ReleaseScriptCaches (0ms)
		RebuildScriptCaches (0ms)
		SetupLoadedEditorAssemblies (296ms)
			LogAssemblyErrors (0ms)
			InitializePlatformSupportModulesInManaged (12ms)
			SetLoadedEditorAssemblies (7ms)
			BeforeProcessingInitializeOnLoad (8ms)
			ProcessInitializeOnLoadAttributes (212ms)
			ProcessInitializeOnLoadMethodAttributes (58ms)
			AfterProcessingInitializeOnLoad (0ms)
			EditorAssembliesLoaded (0ms)
		ExecutionOrderSort2 (0ms)
		AwakeInstancesAfterBackupRestoration (0ms)
========================================================================
Worker process is ready to serve import requests
Import Worker Mode flag is 0x00
Begin MonoManager ReloadAssembly
C:\build\output\Unity-Technologies\mono\mono\metadata\icall.c:1842:
C:\build\output\Unity-Technologies\mono\mono\metadata\icall.c:1842:
C:\build\output\Unity-Technologies\mono\mono\metadata\icall.c:1842:
C:\build\output\Unity-Technologies\mono\mono\metadata\icall.c:1842:
C:\build\output\Unity-Technologies\mono\mono\metadata\icall.c:1842:
C:\build\output\Unity-Technologies\mono\mono\metadata\icall.c:1842:
C:\build\output\Unity-Technologies\mono\mono\metadata\icall.c:1842:
C:\build\output\Unity-Technologies\mono\mono\metadata\icall.c:1842:
C:\build\output\Unity-Technologies\mono\mono\metadata\icall.c:1842:
C:\build\output\Unity-Technologies\mono\mono\metadata\icall.c:1842:
C:\build\output\Unity-Technologies\mono\mono\metadata\icall.c:1842:
C:\build\output\Unity-Technologies\mono\mono\metadata\icall.c:1842:
Symbol file LoadedFromMemory doesn't match image C:\Users\2jd\Desktop\Guilherme H. e Giovanna S\BolaBasquete\Library\PackageCache\com.unity.visualscripting@1.8.0\Editor\VisualScripting.Core\Dependencies\YamlDotNet\Unity.VisualScripting.YamlDotNet.dll
Symbol file LoadedFromMemory doesn't match image C:\Users\2jd\Desktop\Guilherme H. e Giovanna S\BolaBasquete\Library\PackageCache\com.unity.visualscripting@1.8.0\Editor\VisualScripting.Core\Dependencies\DotNetZip\Unity.VisualScripting.IonicZip.dll
- Loaded All Assemblies, in  0.799 seconds
Refreshing native plugins compatible for Editor in 0.50 ms, found 3 plugins.
Native extension for WindowsStandalone target not found
Mono: successfully reloaded assembly
- Finished resetting the current domain, in  0.603 seconds
Domain Reload Profiling: 1400ms
	BeginReloadAssembly (333ms)
		ExecutionOrderSort (0ms)
		DisableScriptedObjects (6ms)
		BackupInstance (0ms)
		ReleaseScriptingObjects (0ms)
		CreateAndSetChildDomain (35ms)
	RebuildCommonClasses (39ms)
	RebuildNativeTypeToScriptingClass (14ms)
	initialDomainReloadingComplete (38ms)
	LoadAllAssembliesAndSetupDomain (374ms)
		LoadAssemblies (301ms)
		RebuildTransferFunctionScriptingTraits (0ms)
		AnalyzeDomain (174ms)
			TypeCache.Refresh (148ms)
				TypeCache.ScanAssembly (134ms)
			BuildScriptInfoCaches (20ms)
			ResolveRequiredComponents (4ms)
	FinalizeReload (604ms)
		ReleaseScriptCaches (0ms)
		RebuildScriptCaches (0ms)
		SetupLoadedEditorAssemblies (404ms)
			LogAssemblyErrors (0ms)
			InitializePlatformSupportModulesInManaged (2ms)
			SetLoadedEditorAssemblies (4ms)
			BeforeProcessingInitializeOnLoad (35ms)
			ProcessInitializeOnLoadAttributes (336ms)
			ProcessInitializeOnLoadMethodAttributes (22ms)
			AfterProcessingInitializeOnLoad (3ms)
			EditorAssembliesLoaded (0ms)
		ExecutionOrderSort2 (0ms)
		AwakeInstancesAfterBackupRestoration (8ms)
Launched and connected shader compiler UnityShaderCompiler.exe after 0.01 seconds
Refreshing native plugins compatible for Editor in 0.69 ms, found 3 plugins.
Preloading 0 native plugins for Editor in 0.00 ms.
Unloading 14 Unused Serialized files (Serialized files now loaded: 0)
Unloading 3148 unused Assets / (0.9 MB). Loaded Objects now: 3711.
Memory consumption went from 117.2 MB to 116.3 MB.
Total: 6.483200 ms (FindLiveObjects: 0.498700 ms CreateObjectMapping: 0.663400 ms MarkObjects: 4.437200 ms  DeleteObjects: 0.882100 ms)

========================================================================
Received Import Request.
  Time since last request: 8940.939366 seconds.
  path: Assets/Space Backgroung Parallax Maker Asset/Scenes
  artifactKey: Guid(6d8ddb43032d56b41a1bfdea584e1819) Importer(815301076,1909f56bfc062723c751e8b465ee728b)
Start importing Assets/Space Backgroung Parallax Maker Asset/Scenes using Guid(6d8ddb43032d56b41a1bfdea584e1819) Importer(815301076,1909f56bfc062723c751e8b465ee728b) (PreviewImporter) -> (artifact id: 'ade9cea80e869c42e6af44fc141d5b4e') in 0.0043958 seconds
Number of updated asset objects reloaded before import = 0Number of asset objects unloaded after import = 0

========================================================================
Received Import Request.
  Time since last request: 10.219558 seconds.
  path: Assets/Space Backgroung Parallax Maker Asset/Sprites
  artifactKey: Guid(d82455517788a4d42a6e9218b112702e) Importer(815301076,1909f56bfc062723c751e8b465ee728b)
Start importing Assets/Space Backgroung Parallax Maker Asset/Sprites using Guid(d82455517788a4d42a6e9218b112702e) Importer(815301076,1909f56bfc062723c751e8b465ee728b) (PreviewImporter) -> (artifact id: 'd5a77f5d6cab624a5f65938b889f4743') in 0.0005268 seconds
Number of updated asset objects reloaded before import = 0Number of asset objects unloaded after import = 0

========================================================================
Received Import Request.
  Time since last request: 0.052886 seconds.
  path: Assets/Space Backgroung Parallax Maker Asset/Sprites/black8x8.png
  artifactKey: Guid(431579c735167444382df85d05be78fc) Importer(815301076,1909f56bfc062723c751e8b465ee728b)
Start importing Assets/Space Backgroung Parallax Maker Asset/Sprites/black8x8.png using Guid(431579c735167444382df85d05be78fc) Importer(815301076,1909f56bfc062723c751e8b465ee728b) (PreviewImporter) -> (artifact id: 'fcf72b9dfc26f58cb6b9e2e17d963e9f') in 0.083313 seconds
Number of updated asset objects reloaded before import = 0Number of asset objects unloaded after import = 3

========================================================================
Received Import Request.
  Time since last request: 1.925110 seconds.
  path: Assets/Space Backgroung Parallax Maker Asset/Sprites/BackGrounds
  artifactKey: Guid(952be6d943fa2e9439b0fc14601f22f4) Importer(815301076,1909f56bfc062723c751e8b465ee728b)
Start importing Assets/Space Backgroung Parallax Maker Asset/Sprites/BackGrounds using Guid(952be6d943fa2e9439b0fc14601f22f4) Importer(815301076,1909f56bfc062723c751e8b465ee728b) (PreviewImporter) -> (artifact id: '903eb9badb63b2f26bea0b9cbf14b70b') in 0.0005332 seconds
Number of updated asset objects reloaded before import = 0Number of asset objects unloaded after import = 0

========================================================================
Received Import Request.
  Time since last request: 0.093834 seconds.
  path: Assets/Space Backgroung Parallax Maker Asset/Sprites/BackGrounds/Space Background 1.png
  artifactKey: Guid(f9b07fce74a23514a8eb55eaaa77d442) Importer(815301076,1909f56bfc062723c751e8b465ee728b)
Start importing Assets/Space Backgroung Parallax Maker Asset/Sprites/BackGrounds/Space Background 1.png using Guid(f9b07fce74a23514a8eb55eaaa77d442) Importer(815301076,1909f56bfc062723c751e8b465ee728b) (PreviewImporter) -> (artifact id: 'ce28f4d304c7e76f774307b1a5c10c21') in 0.024434 seconds
Number of updated asset objects reloaded before import = 0Number of asset objects unloaded after import = 3

========================================================================
Received Import Request.
  Time since last request: 0.000021 seconds.
  path: Assets/Space Backgroung Parallax Maker Asset/Sprites/BackGrounds/Space Background 8.psd
  artifactKey: Guid(8781fb9953d570c4093f4e1896cc6446) Importer(815301076,1909f56bfc062723c751e8b465ee728b)
Start importing Assets/Space Backgroung Parallax Maker Asset/Sprites/BackGrounds/Space Background 8.psd using Guid(8781fb9953d570c4093f4e1896cc6446) Importer(815301076,1909f56bfc062723c751e8b465ee728b) (PreviewImporter) -> (artifact id: '1565bb4bac1ca63b3d28bc2e8d0c18fe') in 0.0227491 seconds
Number of updated asset objects reloaded before import = 0Number of asset objects unloaded after import = 3

========================================================================
Received Import Request.
  Time since last request: 0.000025 seconds.
  path: Assets/Space Backgroung Parallax Maker Asset/Sprites/BackGrounds/Space Background 3.png
  artifactKey: Guid(74459fc301916fc4aa57ab3132bc5f3d) Importer(815301076,1909f56bfc062723c751e8b465ee728b)
Start importing Assets/Space Backgroung Parallax Maker Asset/Sprites/BackGrounds/Space Background 3.png using Guid(74459fc301916fc4aa57ab3132bc5f3d) Importer(815301076,1909f56bfc062723c751e8b465ee728b) (PreviewImporter) -> (artifact id: 'ded21fd152d63cd0d01c4a0c563bc149') in 0.021046 seconds
Number of updated asset objects reloaded before import = 0Number of asset objects unloaded after import = 3

========================================================================
Received Import Request.
  Time since last request: 0.000032 seconds.
  path: Assets/Space Backgroung Parallax Maker Asset/Sprites/BackGrounds/Space Background 6.png
  artifactKey: Guid(28edc5ab77aaf9346926f1ef2b97fb8d) Importer(815301076,1909f56bfc062723c751e8b465ee728b)
Start importing Assets/Space Backgroung Parallax Maker Asset/Sprites/BackGrounds/Space Background 6.png using Guid(28edc5ab77aaf9346926f1ef2b97fb8d) Importer(815301076,1909f56bfc062723c751e8b465ee728b) (PreviewImporter) -> (artifact id: 'aff55215af8099e1b3019de38fa45d85') in 0.0205096 seconds
Number of updated asset objects reloaded before import = 0Number of asset objects unloaded after import = 3

========================================================================
Received Import Request.
  Time since last request: 0.000026 seconds.
  path: Assets/Space Backgroung Parallax Maker Asset/Sprites/BackGrounds/Space Background 5.png
  artifactKey: Guid(1ae66d1330a70a746b83da26b32d2502) Importer(815301076,1909f56bfc062723c751e8b465ee728b)
Start importing Assets/Space Backgroung Parallax Maker Asset/Sprites/BackGrounds/Space Background 5.png using Guid(1ae66d1330a70a746b83da26b32d2502) Importer(815301076,1909f56bfc062723c751e8b465ee728b) (PreviewImporter) -> (artifact id: 'e6ef3149cf09c5e6e24af6c2fa12aae7') in 0.0208239 seconds
Number of updated asset objects reloaded before import = 0Number of asset objects unloaded after import = 3

========================================================================
Received Import Request.
  Time since last request: 0.000063 seconds.
  path: Assets/Space Backgroung Parallax Maker Asset/Sprites/BackGrounds/Space Background 6.psd
  artifactKey: Guid(87302042dda5c20448c6c8db5a64a0e3) Importer(815301076,1909f56bfc062723c751e8b465ee728b)
Start importing Assets/Space Backgroung Parallax Maker Asset/Sprites/BackGrounds/Space Background 6.psd using Guid(87302042dda5c20448c6c8db5a64a0e3) Importer(815301076,1909f56bfc062723c751e8b465ee728b) (PreviewImporter) -> (artifact id: '17b8a248be3fc4ddabe0ebdf2ddb1f06') in 0.0255622 seconds
Number of updated asset objects reloaded before import = 0Number of asset objects unloaded after import = 3

========================================================================
Received Import Request.
  Time since last request: 0.000025 seconds.
  path: Assets/Space Backgroung Parallax Maker Asset/Sprites/BackGrounds/Space Background 7.png
  artifactKey: Guid(4054d43e726579f47a011bfa3d2c0445) Importer(815301076,1909f56bfc062723c751e8b465ee728b)
Start importing Assets/Space Backgroung Parallax Maker Asset/Sprites/BackGrounds/Space Background 7.png using Guid(4054d43e726579f47a011bfa3d2c0445) Importer(815301076,1909f56bfc062723c751e8b465ee728b) (PreviewImporter) -> (artifact id: '3fdfaf00420853e19383bb72a275e07a') in 0.0197598 seconds
Number of updated asset objects reloaded before import = 0Number of asset objects unloaded after import = 3

========================================================================
Received Import Request.
  Time since last request: 0.000036 seconds.
  path: Assets/Space Backgroung Parallax Maker Asset/Sprites/BackGrounds/Space Background 3.psd
  artifactKey: Guid(2966def194115a047be3753f79e46a33) Importer(815301076,1909f56bfc062723c751e8b465ee728b)
Start importing Assets/Space Backgroung Parallax Maker Asset/Sprites/BackGrounds/Space Background 3.psd using Guid(2966def194115a047be3753f79e46a33) Importer(815301076,1909f56bfc062723c751e8b465ee728b) (PreviewImporter) -> (artifact id: 'c56fc89acaca56df1f1f07e147da0140') in 0.0201166 seconds
Number of updated asset objects reloaded before import = 0Number of asset objects unloaded after import = 3

========================================================================
Received Import Request.
  Time since last request: 0.000034 seconds.
  path: Assets/Space Backgroung Parallax Maker Asset/Sprites/BackGrounds/Space Background 4.png
  artifactKey: Guid(22308764d811d504d80194bea3e1a066) Importer(815301076,1909f56bfc062723c751e8b465ee728b)
Start importing Assets/Space Backgroung Parallax Maker Asset/Sprites/BackGrounds/Space Background 4.png using Guid(22308764d811d504d80194bea3e1a066) Importer(815301076,1909f56bfc062723c751e8b465ee728b) (PreviewImporter) -> (artifact id: '3ef9e44e18165e2f06d11579f74ca5ed') in 0.0204391 seconds
Number of updated asset objects reloaded before import = 0Number of asset objects unloaded after import = 3

========================================================================
Received Import Request.
  Time since last request: 0.000038 seconds.
  path: Assets/Space Backgroung Parallax Maker Asset/Sprites/BackGrounds/Space Background 7.psd
  artifactKey: Guid(e325d584f35c8154cb66713afa721682) Importer(815301076,1909f56bfc062723c751e8b465ee728b)
Start importing Assets/Space Backgroung Parallax Maker Asset/Sprites/BackGrounds/Space Background 7.psd using Guid(e325d584f35c8154cb66713afa721682) Importer(815301076,1909f56bfc062723c751e8b465ee728b) (PreviewImporter) -> (artifact id: '003999c2784356eadae65b7dd14c321d') in 0.0202564 seconds
Number of updated asset objects reloaded before import = 0Number of asset objects unloaded after import = 3

========================================================================
Received Import Request.
  Time since last request: 42.904438 seconds.
  path: Assets/Space Backgroung Parallax Maker Asset/Sprites/BackGrounds/PLANETS/Planet Gas.png
  artifactKey: Guid(21da253698c0e9846b23d0df00b30fad) Importer(815301076,1909f56bfc062723c751e8b465ee728b)
Start importing Assets/Space Backgroung Parallax Maker Asset/Sprites/BackGrounds/PLANETS/Planet Gas.png using Guid(21da253698c0e9846b23d0df00b30fad) Importer(815301076,1909f56bfc062723c751e8b465ee728b) (PreviewImporter) -> (artifact id: 'b5a8f990cd67c6be525e9fe3c13a2807') in 0.020593 seconds
Number of updated asset objects reloaded before import = 0Number of asset objects unloaded after import = 3

========================================================================
Received Import Request.
  Time since last request: 0.000022 seconds.
  path: Assets/Space Backgroung Parallax Maker Asset/Sprites/BackGrounds/PLANETS/Sun Maker.psd
  artifactKey: Guid(3969f5fd89de55a4cb44c418ad285214) Importer(815301076,1909f56bfc062723c751e8b465ee728b)
Start importing Assets/Space Backgroung Parallax Maker Asset/Sprites/BackGrounds/PLANETS/Sun Maker.psd using Guid(3969f5fd89de55a4cb44c418ad285214) Importer(815301076,1909f56bfc062723c751e8b465ee728b) (PreviewImporter) -> (artifact id: '5a8af63c167834ff0c72fca9331d8fbb') in 0.0219329 seconds
Number of updated asset objects reloaded before import = 0Number of asset objects unloaded after import = 3

========================================================================
Received Import Request.
  Time since last request: 0.000026 seconds.
  path: Assets/Space Backgroung Parallax Maker Asset/Sprites/BackGrounds/PLANETS/Planet Volcano.png
  artifactKey: Guid(f7666bb25946af54db1383ff7d5b3641) Importer(815301076,1909f56bfc062723c751e8b465ee728b)
Start importing Assets/Space Backgroung Parallax Maker Asset/Sprites/BackGrounds/PLANETS/Planet Volcano.png using Guid(f7666bb25946af54db1383ff7d5b3641) Importer(815301076,1909f56bfc062723c751e8b465ee728b) (PreviewImporter) -> (artifact id: '69f0f40671411bf061cface5f6f3b11d') in 0.0221573 seconds
Number of updated asset objects reloaded before import = 0Number of asset objects unloaded after import = 3

========================================================================
Received Import Request.
  Time since last request: 0.000032 seconds.
  path: Assets/Space Backgroung Parallax Maker Asset/Sprites/BackGrounds/PLANETS/Planet Stone.png
  artifactKey: Guid(bc15aeffc8215874193d8dcf82239b12) Importer(815301076,1909f56bfc062723c751e8b465ee728b)
Start importing Assets/Space Backgroung Parallax Maker Asset/Sprites/BackGrounds/PLANETS/Planet Stone.png using Guid(bc15aeffc8215874193d8dcf82239b12) Importer(815301076,1909f56bfc062723c751e8b465ee728b) (PreviewImporter) -> (artifact id: '7ed7fdf8d6622e0402cd50542676c8f9') in 0.0282675 seconds
Number of updated asset objects reloaded before import = 0Number of asset objects unloaded after import = 3

========================================================================
Received Import Request.
  Time since last request: 0.000030 seconds.
  path: Assets/Space Backgroung Parallax Maker Asset/Sprites/BackGrounds/PLANETS/Planet Maker.psd
  artifactKey: Guid(3ec675d224babdb4096fd22ad9e7a080) Importer(815301076,1909f56bfc062723c751e8b465ee728b)
Start importing Assets/Space Backgroung Parallax Maker Asset/Sprites/BackGrounds/PLANETS/Planet Maker.psd using Guid(3ec675d224babdb4096fd22ad9e7a080) Importer(815301076,1909f56bfc062723c751e8b465ee728b) (PreviewImporter) -> (artifact id: '630a4934860e7c3f1befc4645dc1db6f') in 0.0201392 seconds
Number of updated asset objects reloaded before import = 0Number of asset objects unloaded after import = 3

========================================================================
Received Import Request.
  Time since last request: 126.258177 seconds.
  path: Assets/Space Backgroung Parallax Maker Asset/Sprites/BackGrounds/BKG LAYERS PNG/BKG 1/Bkg 1 Meteors.png
  artifactKey: Guid(8e938e85a72970d4c852e5d1e8a56f10) Importer(815301076,1909f56bfc062723c751e8b465ee728b)
Start importing Assets/Space Backgroung Parallax Maker Asset/Sprites/BackGrounds/BKG LAYERS PNG/BKG 1/Bkg 1 Meteors.png using Guid(8e938e85a72970d4c852e5d1e8a56f10) Importer(815301076,1909f56bfc062723c751e8b465ee728b) (PreviewImporter) -> (artifact id: '8e36df6f6eafd45d6a6aa2e60d2c62a2') in 0.0252965 seconds
Number of updated asset objects reloaded before import = 0Number of asset objects unloaded after import = 3

========================================================================
Received Import Request.
  Time since last request: 0.000019 seconds.
  path: Assets/Space Backgroung Parallax Maker Asset/Sprites/BackGrounds/BKG LAYERS PNG/BKG 1/Bkg 1 Planet.png
  artifactKey: Guid(ca5719bfd14dad749bcca1d4a1e707ff) Importer(815301076,1909f56bfc062723c751e8b465ee728b)
Start importing Assets/Space Backgroung Parallax Maker Asset/Sprites/BackGrounds/BKG LAYERS PNG/BKG 1/Bkg 1 Planet.png using Guid(ca5719bfd14dad749bcca1d4a1e707ff) Importer(815301076,1909f56bfc062723c751e8b465ee728b) (PreviewImporter) -> (artifact id: '93c52c7e8827d274a950b9235eb8c5ad') in 0.0216634 seconds
Number of updated asset objects reloaded before import = 0Number of asset objects unloaded after import = 3

========================================================================
Received Import Request.
  Time since last request: 0.000024 seconds.
  path: Assets/Space Backgroung Parallax Maker Asset/Sprites/BackGrounds/BKG LAYERS PNG/BKG 1/Bkg 1 Star Small.png
  artifactKey: Guid(48817a978d31f844e9e880136bce169f) Importer(815301076,1909f56bfc062723c751e8b465ee728b)
Start importing Assets/Space Backgroung Parallax Maker Asset/Sprites/BackGrounds/BKG LAYERS PNG/BKG 1/Bkg 1 Star Small.png using Guid(48817a978d31f844e9e880136bce169f) Importer(815301076,1909f56bfc062723c751e8b465ee728b) (PreviewImporter) -> (artifact id: 'efac56bf90f1e2a760f50ee63698883f') in 0.0209435 seconds
Number of updated asset objects reloaded before import = 0Number of asset objects unloaded after import = 3

Editor requested this worker to shutdown with reason: Scaling down because of idle timeout
AssetImportWorker is now disconnected from the server
Process exiting
Exiting without the bug reporter. Application will terminate with return code 0