Using pre-set license
Built from '2023.2/staging' branch; Version is '2023.2.11f1 (6a1e21c61430) revision 6954529'; Using compiler version '193431935'; Build Type 'Release'
OS: 'Windows 11  (10.0.22631) 64bit ProfessionalEducation' Language: 'pt' Physical Memory: 15741 MB
BatchMode: 1, IsHumanControllingUs: 0, StartBugReporterOnCrash: 0, Is64bit: 1, IsPro: 1

COMMAND LINE ARGUMENTS:
C:\Program Files\Unity\Hub\Editor\2023.2.11f1\Editor\Unity.exe
-adb2
-batchMode
-noUpm
-name
AssetImportWorker6
-projectPath
C:/Users/2jd/Desktop/Guilherme H. e Giovanna S/BolaBasquete
-logFile
Logs/AssetImportWorker6.log
-srvPort
53744
-job-worker-count
5
-background-job-worker-count
8
-asset-garbage-collectors
1
Successfully changed project path to: C:/Users/2jd/Desktop/Guilherme H. e Giovanna S/BolaBasquete
C:/Users/2jd/Desktop/Guilherme H. e Giovanna S/BolaBasquete
[UnityMemory] Configuration Parameters - Can be set up in boot.config
    "memorysetup-bucket-allocator-granularity=16"
    "memorysetup-bucket-allocator-bucket-count=8"
    "memorysetup-bucket-allocator-block-size=33554432"
    "memorysetup-bucket-allocator-block-count=8"
    "memorysetup-main-allocator-block-size=16777216"
    "memorysetup-thread-allocator-block-size=16777216"
    "memorysetup-gfx-main-allocator-block-size=16777216"
    "memorysetup-gfx-thread-allocator-block-size=16777216"
    "memorysetup-cache-allocator-block-size=4194304"
    "memorysetup-typetree-allocator-block-size=2097152"
    "memorysetup-profiler-bucket-allocator-granularity=16"
    "memorysetup-profiler-bucket-allocator-bucket-count=8"
    "memorysetup-profiler-bucket-allocator-block-size=33554432"
    "memorysetup-profiler-bucket-allocator-block-count=8"
    "memorysetup-profiler-allocator-block-size=16777216"
    "memorysetup-profiler-editor-allocator-block-size=1048576"
    "memorysetup-temp-allocator-size-main=16777216"
    "memorysetup-job-temp-allocator-block-size=2097152"
    "memorysetup-job-temp-allocator-block-size-background=1048576"
    "memorysetup-job-temp-allocator-reduction-small-platforms=262144"
    "memorysetup-allocator-temp-initial-block-size-main=262144"
    "memorysetup-allocator-temp-initial-block-size-worker=262144"
    "memorysetup-temp-allocator-size-background-worker=32768"
    "memorysetup-temp-allocator-size-job-worker=262144"
    "memorysetup-temp-allocator-size-preload-manager=33554432"
    "memorysetup-temp-allocator-size-nav-mesh-worker=65536"
    "memorysetup-temp-allocator-size-audio-worker=65536"
    "memorysetup-temp-allocator-size-cloud-worker=32768"
    "memorysetup-temp-allocator-size-gi-baking-worker=262144"
    "memorysetup-temp-allocator-size-gi-baking-worker=262144"
    "memorysetup-temp-allocator-size-gi-baking-worker=262144"
    "memorysetup-temp-allocator-size-gi-baking-worker=262144"
    "memorysetup-temp-allocator-size-gfx=262144"
Player connection [13720] Host "[IP] 192.168.1.193 [Port] 0 [Flags] 2 [Guid] 2432609394 [EditorId] 2432609394 [Version] 1048832 [Id] WindowsEditor(7,PCLAB3-08) [Debug] 1 [PackageName] WindowsEditor [ProjectName] Editor" joined multi-casting on [225.0.0.222:54997]...
Player connection [13720] Host "[IP] 192.168.1.193 [Port] 0 [Flags] 2 [Guid] 2432609394 [EditorId] 2432609394 [Version] 1048832 [Id] WindowsEditor(7,PCLAB3-08) [Debug] 1 [PackageName] WindowsEditor [ProjectName] Editor" joined alternative multi-casting on [225.0.0.222:34997]...
JobSystem: Creating JobQueue using job-worker-count value 5
[Physics::Module] Initialized MultithreadedJobDispatcher with 5 workers.
Library Redirect Path: Library/
Refreshing native plugins compatible for Editor in 1.25 ms, found 3 plugins.
Preloading 0 native plugins for Editor in 0.00 ms.
Initialize engine version: 2023.2.11f1 (6a1e21c61430)
[Subsystems] Discovering subsystems at path C:/Program Files/Unity/Hub/Editor/2023.2.11f1/Editor/Data/Resources/UnitySubsystems
[Subsystems] Discovering subsystems at path C:/Users/2jd/Desktop/Guilherme H. e Giovanna S/BolaBasquete/Assets
GfxDevice: creating device client; kGfxThreadingModeNonThreaded
Direct3D:
    Version:  Direct3D 11.0 [level 11.1]
    Renderer: AMD Radeon(TM) Graphics (ID=0x1636)
    Vendor:   ATI
    VRAM:     7870 MB
    Driver:   30.0.14030.1004
Initialize mono
Mono path[0] = 'C:/Program Files/Unity/Hub/Editor/2023.2.11f1/Editor/Data/Managed'
Mono path[1] = 'C:/Program Files/Unity/Hub/Editor/2023.2.11f1/Editor/Data/MonoBleedingEdge/lib/mono/unityjit-win32'
Mono config path = 'C:/Program Files/Unity/Hub/Editor/2023.2.11f1/Editor/Data/MonoBleedingEdge/etc'
Using monoOptions --debugger-agent=transport=dt_socket,embedding=1,server=y,suspend=n,address=127.0.0.1:56844
Begin MonoManager ReloadAssembly
C:\build\output\Unity-Technologies\mono\mono\metadata\icall.c:1842:
C:\build\output\Unity-Technologies\mono\mono\metadata\icall.c:1842:
C:\build\output\Unity-Technologies\mono\mono\metadata\icall.c:1842:
C:\build\output\Unity-Technologies\mono\mono\metadata\icall.c:1842:
C:\build\output\Unity-Technologies\mono\mono\metadata\icall.c:1842:
C:\build\output\Unity-Technologies\mono\mono\metadata\icall.c:1842:
C:\build\output\Unity-Technologies\mono\mono\metadata\icall.c:1842:
C:\build\output\Unity-Technologies\mono\mono\metadata\icall.c:1842:
C:\build\output\Unity-Technologies\mono\mono\metadata\icall.c:1842:
C:\build\output\Unity-Technologies\mono\mono\metadata\icall.c:1842:
Registering precompiled unity dll's ...
Register platform support module: C:/Program Files/Unity/Hub/Editor/2023.2.11f1/Editor/Data/PlaybackEngines/WindowsStandaloneSupport/UnityEditor.WindowsStandalone.Extensions.dll
Registered in 0.002019 seconds.
- Loaded All Assemblies, in  0.349 seconds
Native extension for WindowsStandalone target not found
Mono: successfully reloaded assembly
C:\build\output\Unity-Technologies\mono\mono\metadata\icall.c:1842:
C:\build\output\Unity-Technologies\mono\mono\metadata\icall.c:1842:
- Finished resetting the current domain, in  0.285 seconds
Domain Reload Profiling: 633ms
	BeginReloadAssembly (110ms)
		ExecutionOrderSort (0ms)
		DisableScriptedObjects (0ms)
		BackupInstance (0ms)
		ReleaseScriptingObjects (0ms)
		CreateAndSetChildDomain (1ms)
	RebuildCommonClasses (35ms)
	RebuildNativeTypeToScriptingClass (13ms)
	initialDomainReloadingComplete (43ms)
	LoadAllAssembliesAndSetupDomain (146ms)
		LoadAssemblies (108ms)
		RebuildTransferFunctionScriptingTraits (0ms)
		AnalyzeDomain (144ms)
			TypeCache.Refresh (143ms)
				TypeCache.ScanAssembly (131ms)
			BuildScriptInfoCaches (0ms)
			ResolveRequiredComponents (0ms)
	FinalizeReload (285ms)
		ReleaseScriptCaches (0ms)
		RebuildScriptCaches (0ms)
		SetupLoadedEditorAssemblies (237ms)
			LogAssemblyErrors (0ms)
			InitializePlatformSupportModulesInManaged (8ms)
			SetLoadedEditorAssemblies (5ms)
			BeforeProcessingInitializeOnLoad (7ms)
			ProcessInitializeOnLoadAttributes (173ms)
			ProcessInitializeOnLoadMethodAttributes (44ms)
			AfterProcessingInitializeOnLoad (0ms)
			EditorAssembliesLoaded (0ms)
		ExecutionOrderSort2 (0ms)
		AwakeInstancesAfterBackupRestoration (0ms)
========================================================================
Worker process is ready to serve import requests
Import Worker Mode flag is 0x00
Begin MonoManager ReloadAssembly
C:\build\output\Unity-Technologies\mono\mono\metadata\icall.c:1842:
C:\build\output\Unity-Technologies\mono\mono\metadata\icall.c:1842:
C:\build\output\Unity-Technologies\mono\mono\metadata\icall.c:1842:
C:\build\output\Unity-Technologies\mono\mono\metadata\icall.c:1842:
C:\build\output\Unity-Technologies\mono\mono\metadata\icall.c:1842:
C:\build\output\Unity-Technologies\mono\mono\metadata\icall.c:1842:
C:\build\output\Unity-Technologies\mono\mono\metadata\icall.c:1842:
C:\build\output\Unity-Technologies\mono\mono\metadata\icall.c:1842:
C:\build\output\Unity-Technologies\mono\mono\metadata\icall.c:1842:
C:\build\output\Unity-Technologies\mono\mono\metadata\icall.c:1842:
C:\build\output\Unity-Technologies\mono\mono\metadata\icall.c:1842:
C:\build\output\Unity-Technologies\mono\mono\metadata\icall.c:1842:
Symbol file LoadedFromMemory doesn't match image C:\Users\2jd\Desktop\Guilherme H. e Giovanna S\BolaBasquete\Library\PackageCache\com.unity.visualscripting@1.8.0\Editor\VisualScripting.Core\Dependencies\YamlDotNet\Unity.VisualScripting.YamlDotNet.dll
Symbol file LoadedFromMemory doesn't match image C:\Users\2jd\Desktop\Guilherme H. e Giovanna S\BolaBasquete\Library\PackageCache\com.unity.visualscripting@1.8.0\Editor\VisualScripting.Core\Dependencies\DotNetZip\Unity.VisualScripting.IonicZip.dll
- Loaded All Assemblies, in  0.687 seconds
Refreshing native plugins compatible for Editor in 0.48 ms, found 3 plugins.
Native extension for WindowsStandalone target not found
Mono: successfully reloaded assembly
- Finished resetting the current domain, in  0.520 seconds
Domain Reload Profiling: 1206ms
	BeginReloadAssembly (289ms)
		ExecutionOrderSort (0ms)
		DisableScriptedObjects (5ms)
		BackupInstance (0ms)
		ReleaseScriptingObjects (0ms)
		CreateAndSetChildDomain (30ms)
	RebuildCommonClasses (35ms)
	RebuildNativeTypeToScriptingClass (13ms)
	initialDomainReloadingComplete (33ms)
	LoadAllAssembliesAndSetupDomain (315ms)
		LoadAssemblies (247ms)
		RebuildTransferFunctionScriptingTraits (0ms)
		AnalyzeDomain (155ms)
			TypeCache.Refresh (132ms)
				TypeCache.ScanAssembly (120ms)
			BuildScriptInfoCaches (17ms)
			ResolveRequiredComponents (3ms)
	FinalizeReload (521ms)
		ReleaseScriptCaches (0ms)
		RebuildScriptCaches (0ms)
		SetupLoadedEditorAssemblies (345ms)
			LogAssemblyErrors (0ms)
			InitializePlatformSupportModulesInManaged (2ms)
			SetLoadedEditorAssemblies (4ms)
			BeforeProcessingInitializeOnLoad (33ms)
			ProcessInitializeOnLoadAttributes (283ms)
			ProcessInitializeOnLoadMethodAttributes (19ms)
			AfterProcessingInitializeOnLoad (3ms)
			EditorAssembliesLoaded (0ms)
		ExecutionOrderSort2 (0ms)
		AwakeInstancesAfterBackupRestoration (7ms)
Launched and connected shader compiler UnityShaderCompiler.exe after 0.01 seconds
Refreshing native plugins compatible for Editor in 0.67 ms, found 3 plugins.
Preloading 0 native plugins for Editor in 0.00 ms.
Unloading 14 Unused Serialized files (Serialized files now loaded: 0)
Unloading 3148 unused Assets / (0.8 MB). Loaded Objects now: 3712.
Memory consumption went from 117.3 MB to 116.5 MB.
Total: 4.924500 ms (FindLiveObjects: 0.425500 ms CreateObjectMapping: 0.140700 ms MarkObjects: 3.484500 ms  DeleteObjects: 0.872300 ms)

========================================================================
Received Import Request.
  Time since last request: 9987.357547 seconds.
  path: Assets/ARCADE - FREE Racing Car/Meshes/Road.fbx
  artifactKey: Guid(ab2e556b62273434dad486c1e0a4ebf9) Importer(815301076,1909f56bfc062723c751e8b465ee728b)
Start importing Assets/ARCADE - FREE Racing Car/Meshes/Road.fbx using Guid(ab2e556b62273434dad486c1e0a4ebf9) Importer(815301076,1909f56bfc062723c751e8b465ee728b) (PreviewImporter) -> (artifact id: '44f2d2909b35a3feed729f998e7b5418') in 0.1308801 seconds
Number of updated asset objects reloaded before import = 0Number of asset objects unloaded after import = 7

========================================================================
Received Import Request.
  Time since last request: 2.770324 seconds.
  path: Assets/ARCADE - FREE Racing Car/Prefabs (Meshes Only)/Free Racing Car Blue Variant.prefab
  artifactKey: Guid(a9cbfe7195f75844aa7ec0619ca7616f) Importer(815301076,1909f56bfc062723c751e8b465ee728b)
Start importing Assets/ARCADE - FREE Racing Car/Prefabs (Meshes Only)/Free Racing Car Blue Variant.prefab using Guid(a9cbfe7195f75844aa7ec0619ca7616f) Importer(815301076,1909f56bfc062723c751e8b465ee728b) (PreviewImporter) -> (artifact id: '4284ce4647f702c1eb0194036c4541ec') in 0.0262086 seconds
Number of updated asset objects reloaded before import = 0Number of asset objects unloaded after import = 77

========================================================================
Received Import Request.
  Time since last request: 0.000020 seconds.
  path: Assets/ARCADE - FREE Racing Car/Prefabs (Meshes Only)/Free Racing Car Red Variant.prefab
  artifactKey: Guid(a82f70a5f0178974093910fc6fd84c38) Importer(815301076,1909f56bfc062723c751e8b465ee728b)
Start importing Assets/ARCADE - FREE Racing Car/Prefabs (Meshes Only)/Free Racing Car Red Variant.prefab using Guid(a82f70a5f0178974093910fc6fd84c38) Importer(815301076,1909f56bfc062723c751e8b465ee728b) (PreviewImporter) -> (artifact id: '37a0ac8e8b855e961e94e8959e561b14') in 0.0220878 seconds
Number of updated asset objects reloaded before import = 0Number of asset objects unloaded after import = 77

========================================================================
Received Import Request.
  Time since last request: 2.733687 seconds.
  path: Assets/ARCADE - FREE Racing Car/Prefabs (With Colliders)/Free Racing Car Blue Variant.prefab
  artifactKey: Guid(e9be6b9d71ce20345b55b654f6eca5d9) Importer(815301076,1909f56bfc062723c751e8b465ee728b)
Start importing Assets/ARCADE - FREE Racing Car/Prefabs (With Colliders)/Free Racing Car Blue Variant.prefab using Guid(e9be6b9d71ce20345b55b654f6eca5d9) Importer(815301076,1909f56bfc062723c751e8b465ee728b) (PreviewImporter) -> (artifact id: 'e2b4d4d20fb23ab2e6e9277a48508d98') in 0.0195859 seconds
Number of updated asset objects reloaded before import = 0Number of asset objects unloaded after import = 109

========================================================================
Received Import Request.
  Time since last request: 0.000032 seconds.
  path: Assets/ARCADE - FREE Racing Car/Prefabs (With Colliders)/Free Racing Car Red Variant.prefab
  artifactKey: Guid(8a8f57edf3523624eb9f886833e8e97a) Importer(815301076,1909f56bfc062723c751e8b465ee728b)
Start importing Assets/ARCADE - FREE Racing Car/Prefabs (With Colliders)/Free Racing Car Red Variant.prefab using Guid(8a8f57edf3523624eb9f886833e8e97a) Importer(815301076,1909f56bfc062723c751e8b465ee728b) (PreviewImporter) -> (artifact id: '06b2bd7345f7728f556fdea07e5b04db') in 0.0203515 seconds
Number of updated asset objects reloaded before import = 0Number of asset objects unloaded after import = 109

========================================================================
Received Import Request.
  Time since last request: 19.310834 seconds.
  path: Assets/ARCADE - FREE Racing Car/Skybox/Night/Textures/Middle.png
  artifactKey: Guid(0dbf12657f27a3643a08e61b84c12483) Importer(815301076,1909f56bfc062723c751e8b465ee728b)
Start importing Assets/ARCADE - FREE Racing Car/Skybox/Night/Textures/Middle.png using Guid(0dbf12657f27a3643a08e61b84c12483) Importer(815301076,1909f56bfc062723c751e8b465ee728b) (PreviewImporter) -> (artifact id: 'bab51bced4000ae0d953801f2da37dd8') in 0.0291179 seconds
Number of updated asset objects reloaded before import = 0Number of asset objects unloaded after import = 2

========================================================================
Received Import Request.
  Time since last request: 224.138674 seconds.
  path: Assets/ARCADE - FREE Racing Car/Skybox/Night/Materials
  artifactKey: Guid(7af042a6a749bba449172af6585ae8d1) Importer(815301076,1909f56bfc062723c751e8b465ee728b)
Start importing Assets/ARCADE - FREE Racing Car/Skybox/Night/Materials using Guid(7af042a6a749bba449172af6585ae8d1) Importer(815301076,1909f56bfc062723c751e8b465ee728b) (PreviewImporter) -> (artifact id: '342e9b9e3a57168123a7eab1f142d502') in 0.0006594 seconds
Number of updated asset objects reloaded before import = 0Number of asset objects unloaded after import = 0

========================================================================
Received Import Request.
  Time since last request: 0.657183 seconds.
  path: Assets/ARCADE - FREE Racing Car/Skybox/Night/Materials/Top.mat
  artifactKey: Guid(a1ffee224711e664c95357916fe5b575) Importer(815301076,1909f56bfc062723c751e8b465ee728b)
Start importing Assets/ARCADE - FREE Racing Car/Skybox/Night/Materials/Top.mat using Guid(a1ffee224711e664c95357916fe5b575) Importer(815301076,1909f56bfc062723c751e8b465ee728b) (PreviewImporter) -> (artifact id: '9dd6ffdf1b644d1cb55fed20d5687727') in 0.0364519 seconds
Number of updated asset objects reloaded before import = 0Number of asset objects unloaded after import = 2

========================================================================
Received Import Request.
  Time since last request: 540.139728 seconds.
  path: Assets/New Physic Material.physicMaterial
  artifactKey: Guid(0bda7c7530ab55342954b8bc8f84ebc5) Importer(815301076,1909f56bfc062723c751e8b465ee728b)
Start importing Assets/New Physic Material.physicMaterial using Guid(0bda7c7530ab55342954b8bc8f84ebc5) Importer(815301076,1909f56bfc062723c751e8b465ee728b) (PreviewImporter) -> (artifact id: '9fe598872a75a90eb301f1034ac47a0d') in 0.0014126 seconds
Number of updated asset objects reloaded before import = 0Number of asset objects unloaded after import = 1

========================================================================
Received Import Request.
  Time since last request: 528.956370 seconds.
  path: Assets/New Material.mat
  artifactKey: Guid(1bb84ade0a4035a4794c6de312ea4bf1) Importer(815301076,1909f56bfc062723c751e8b465ee728b)
Start importing Assets/New Material.mat using Guid(1bb84ade0a4035a4794c6de312ea4bf1) Importer(815301076,1909f56bfc062723c751e8b465ee728b) (PreviewImporter) -> (artifact id: 'eea7076efdc460dfbee726f022adfac1') in 0.0133624 seconds
Number of updated asset objects reloaded before import = 0Number of asset objects unloaded after import = 1

========================================================================
Received Import Request.
  Time since last request: 12.595055 seconds.
  path: Assets/ARCADE - FREE Racing Car/Textures/AFRC_Env_Mat.png
  artifactKey: Guid(34a74330fac842a4f97649ddf77d6d50) Importer(815301076,1909f56bfc062723c751e8b465ee728b)
Start importing Assets/ARCADE - FREE Racing Car/Textures/AFRC_Env_Mat.png using Guid(34a74330fac842a4f97649ddf77d6d50) Importer(815301076,1909f56bfc062723c751e8b465ee728b) (PreviewImporter) -> (artifact id: 'edc03216510d544af3e6e91b3511fe22') in 0.0151851 seconds
Number of updated asset objects reloaded before import = 0Number of asset objects unloaded after import = 2

========================================================================
Received Import Request.
  Time since last request: 0.000027 seconds.
  path: Assets/ARCADE - FREE Racing Car/Textures/Color Variations/AFRC_Tex_Col5.png
  artifactKey: Guid(ee5f07cb504e5b04dbdd32ef7d265c72) Importer(815301076,1909f56bfc062723c751e8b465ee728b)
Start importing Assets/ARCADE - FREE Racing Car/Textures/Color Variations/AFRC_Tex_Col5.png using Guid(ee5f07cb504e5b04dbdd32ef7d265c72) Importer(815301076,1909f56bfc062723c751e8b465ee728b) (PreviewImporter) -> (artifact id: '545878ba707f8fc08c68f6a4bdb9a47a') in 0.0162597 seconds
Number of updated asset objects reloaded before import = 0Number of asset objects unloaded after import = 2

========================================================================
Received Import Request.
  Time since last request: 0.000030 seconds.
  path: Assets/ARCADE - FREE Racing Car/Textures/Color Variations/AFRC_Tex_Col2.png
  artifactKey: Guid(6242e2ca19f64494ba8e4ae07a3a2c39) Importer(815301076,1909f56bfc062723c751e8b465ee728b)
Start importing Assets/ARCADE - FREE Racing Car/Textures/Color Variations/AFRC_Tex_Col2.png using Guid(6242e2ca19f64494ba8e4ae07a3a2c39) Importer(815301076,1909f56bfc062723c751e8b465ee728b) (PreviewImporter) -> (artifact id: '23b5f5be90375453ca19664fb0ad9fce') in 0.0168474 seconds
Number of updated asset objects reloaded before import = 0Number of asset objects unloaded after import = 2

========================================================================
Received Import Request.
  Time since last request: 0.000034 seconds.
  path: Assets/Asteroids pack/Textures/Texture 3/Asteroid_3_AO.png
  artifactKey: Guid(00a469de58d504b9a8c7b961523d14b2) Importer(815301076,1909f56bfc062723c751e8b465ee728b)
Start importing Assets/Asteroids pack/Textures/Texture 3/Asteroid_3_AO.png using Guid(00a469de58d504b9a8c7b961523d14b2) Importer(815301076,1909f56bfc062723c751e8b465ee728b) (PreviewImporter) -> (artifact id: '9f4d5f442d77da67148d00d32fc01a4a') in 0.0144504 seconds
Number of updated asset objects reloaded before import = 0Number of asset objects unloaded after import = 2

========================================================================
Received Import Request.
  Time since last request: 2.486839 seconds.
  path: Assets/Asteroids pack/Textures/Texture 3/Asteroid_3_NP.png
  artifactKey: Guid(1fd50222271cd4d1494d4fafdc7e7a7f) Importer(815301076,1909f56bfc062723c751e8b465ee728b)
Start importing Assets/Asteroids pack/Textures/Texture 3/Asteroid_3_NP.png using Guid(1fd50222271cd4d1494d4fafdc7e7a7f) Importer(815301076,1909f56bfc062723c751e8b465ee728b) (PreviewImporter) -> (artifact id: '36dfb4d204dba506f83fdd647b6a3ffc') in 0.0306235 seconds
Number of updated asset objects reloaded before import = 0Number of asset objects unloaded after import = 2

========================================================================
Received Import Request.
  Time since last request: 0.399812 seconds.
  path: Assets/Asteroids pack/Textures/Texture 4/Asteroid_4_AO.png
  artifactKey: Guid(25ac4e5d6613f429f84e555afd655fab) Importer(815301076,1909f56bfc062723c751e8b465ee728b)
Start importing Assets/Asteroids pack/Textures/Texture 4/Asteroid_4_AO.png using Guid(25ac4e5d6613f429f84e555afd655fab) Importer(815301076,1909f56bfc062723c751e8b465ee728b) (PreviewImporter) -> (artifact id: '380a0e9c49b256a5a26b4e1c85a6067b') in 0.0175124 seconds
Number of updated asset objects reloaded before import = 0Number of asset objects unloaded after import = 2

========================================================================
Received Import Request.
  Time since last request: 0.036809 seconds.
  path: Assets/Asteroids pack/Textures/Texture 4/Asteroid_4_texture.png
  artifactKey: Guid(cd115529ec87d48e7be664726dab2c78) Importer(815301076,1909f56bfc062723c751e8b465ee728b)
Start importing Assets/Asteroids pack/Textures/Texture 4/Asteroid_4_texture.png using Guid(cd115529ec87d48e7be664726dab2c78) Importer(815301076,1909f56bfc062723c751e8b465ee728b) (PreviewImporter) -> (artifact id: 'd4353469fcf804917605d44fb53e58d5') in 0.0150665 seconds
Number of updated asset objects reloaded before import = 0Number of asset objects unloaded after import = 2

========================================================================
Received Import Request.
  Time since last request: 0.025450 seconds.
  path: Assets/Asteroids pack/Textures/Texture 1/Asteroid_AO.png
  artifactKey: Guid(a6c6570a8cf524ad682d0f8dc5bcb7ef) Importer(815301076,1909f56bfc062723c751e8b465ee728b)
Start importing Assets/Asteroids pack/Textures/Texture 1/Asteroid_AO.png using Guid(a6c6570a8cf524ad682d0f8dc5bcb7ef) Importer(815301076,1909f56bfc062723c751e8b465ee728b) (PreviewImporter) -> (artifact id: '91178715bea8adc853f26aa88b839405') in 0.0163117 seconds
Number of updated asset objects reloaded before import = 0Number of asset objects unloaded after import = 2

========================================================================
Received Import Request.
  Time since last request: 0.326812 seconds.
  path: Assets/Asteroids pack/Textures/Texture 1/Asteroid_NP.png
  artifactKey: Guid(7fe9124c39dc84fcdac67880825ff1e6) Importer(815301076,1909f56bfc062723c751e8b465ee728b)
Start importing Assets/Asteroids pack/Textures/Texture 1/Asteroid_NP.png using Guid(7fe9124c39dc84fcdac67880825ff1e6) Importer(815301076,1909f56bfc062723c751e8b465ee728b) (PreviewImporter) -> (artifact id: '5374644865d5025da97231a2a567cac9') in 0.0170323 seconds
Number of updated asset objects reloaded before import = 0Number of asset objects unloaded after import = 2

========================================================================
Received Import Request.
  Time since last request: 0.000025 seconds.
  path: Assets/Asteroids pack/Textures/Texture 1/Asteroid_texture.png
  artifactKey: Guid(83a869260fc614dd588408144ac985a4) Importer(815301076,1909f56bfc062723c751e8b465ee728b)
Start importing Assets/Asteroids pack/Textures/Texture 1/Asteroid_texture.png using Guid(83a869260fc614dd588408144ac985a4) Importer(815301076,1909f56bfc062723c751e8b465ee728b) (PreviewImporter) -> (artifact id: 'c9820804f8c4c3b8cc4b11ad2817b2ee') in 0.0194296 seconds
Number of updated asset objects reloaded before import = 0Number of asset objects unloaded after import = 2

========================================================================
Received Import Request.
  Time since last request: 0.354422 seconds.
  path: Assets/Space Backgroung Parallax Maker Asset/Sprites/BackGrounds/BKG LAYERS PNG/BKG 2/Bkg 2 Big Stars.png
  artifactKey: Guid(acdecb18fe0c6b7488f8938b91245c5d) Importer(815301076,1909f56bfc062723c751e8b465ee728b)
Start importing Assets/Space Backgroung Parallax Maker Asset/Sprites/BackGrounds/BKG LAYERS PNG/BKG 2/Bkg 2 Big Stars.png using Guid(acdecb18fe0c6b7488f8938b91245c5d) Importer(815301076,1909f56bfc062723c751e8b465ee728b) (PreviewImporter) -> (artifact id: 'd43dfb07f787fd765bf9b9bdced2ae96') in 0.0317067 seconds
Number of updated asset objects reloaded before import = 0Number of asset objects unloaded after import = 3

========================================================================
Received Import Request.
  Time since last request: 0.319544 seconds.
  path: Assets/Space Backgroung Parallax Maker Asset/Sprites/BackGrounds/BKG LAYERS PNG/BKG 2/Bkg 2 Planet.png
  artifactKey: Guid(1b1853b949d65084ca8fb1a4e1730a1d) Importer(815301076,1909f56bfc062723c751e8b465ee728b)
Start importing Assets/Space Backgroung Parallax Maker Asset/Sprites/BackGrounds/BKG LAYERS PNG/BKG 2/Bkg 2 Planet.png using Guid(1b1853b949d65084ca8fb1a4e1730a1d) Importer(815301076,1909f56bfc062723c751e8b465ee728b) (PreviewImporter) -> (artifact id: 'a6bc903b12ad51578bbf6b97d9ebd7dc') in 0.0231349 seconds
Number of updated asset objects reloaded before import = 0Number of asset objects unloaded after import = 3

========================================================================
Received Import Request.
  Time since last request: 0.038632 seconds.
  path: Assets/Space Backgroung Parallax Maker Asset/Sprites/BackGrounds/BKG LAYERS PNG/BKG 3/Bkg 3 Nebula.png
  artifactKey: Guid(2310cda53d81c5a47b64458cfd34150e) Importer(815301076,1909f56bfc062723c751e8b465ee728b)
Start importing Assets/Space Backgroung Parallax Maker Asset/Sprites/BackGrounds/BKG LAYERS PNG/BKG 3/Bkg 3 Nebula.png using Guid(2310cda53d81c5a47b64458cfd34150e) Importer(815301076,1909f56bfc062723c751e8b465ee728b) (PreviewImporter) -> (artifact id: '88a3e11d0d66ddef02b54a40e366577b') in 0.0205567 seconds
Number of updated asset objects reloaded before import = 0Number of asset objects unloaded after import = 3

========================================================================
Received Import Request.
  Time since last request: 0.331325 seconds.
  path: Assets/Space Backgroung Parallax Maker Asset/Sprites/BackGrounds/BKG LAYERS PNG/BKG 3/Bkg 3 Sun.png
  artifactKey: Guid(d35c0e27637a96647bca8eaeebf9eafd) Importer(815301076,1909f56bfc062723c751e8b465ee728b)
Start importing Assets/Space Backgroung Parallax Maker Asset/Sprites/BackGrounds/BKG LAYERS PNG/BKG 3/Bkg 3 Sun.png using Guid(d35c0e27637a96647bca8eaeebf9eafd) Importer(815301076,1909f56bfc062723c751e8b465ee728b) (PreviewImporter) -> (artifact id: 'a7080e034fec312f43b22fe8fb01d485') in 0.024201 seconds
Number of updated asset objects reloaded before import = 0Number of asset objects unloaded after import = 3

========================================================================
Received Import Request.
  Time since last request: 0.041391 seconds.
  path: Assets/Space Backgroung Parallax Maker Asset/Sprites/BackGrounds/BKG LAYERS PNG/BKG 4/Bkg 4 Star Middle.png
  artifactKey: Guid(5b0b8d916386a8945bf5e310ed418b04) Importer(815301076,1909f56bfc062723c751e8b465ee728b)
Start importing Assets/Space Backgroung Parallax Maker Asset/Sprites/BackGrounds/BKG LAYERS PNG/BKG 4/Bkg 4 Star Middle.png using Guid(5b0b8d916386a8945bf5e310ed418b04) Importer(815301076,1909f56bfc062723c751e8b465ee728b) (PreviewImporter) -> (artifact id: '0f704cfeb4bfe4a4c2fde712193b6f8a') in 0.0200947 seconds
Number of updated asset objects reloaded before import = 0Number of asset objects unloaded after import = 3

========================================================================
Received Import Request.
  Time since last request: 0.000019 seconds.
  path: Assets/Space Backgroung Parallax Maker Asset/Sprites/BackGrounds/BKG LAYERS PNG/BKG 5/Bkg 5 Meteors.png
  artifactKey: Guid(e5a607e6be3170c4093de240a1b717dd) Importer(815301076,1909f56bfc062723c751e8b465ee728b)
Start importing Assets/Space Backgroung Parallax Maker Asset/Sprites/BackGrounds/BKG LAYERS PNG/BKG 5/Bkg 5 Meteors.png using Guid(e5a607e6be3170c4093de240a1b717dd) Importer(815301076,1909f56bfc062723c751e8b465ee728b) (PreviewImporter) -> (artifact id: 'fe55f6cccdb6d18fabcb3d14a76eb39d') in 0.0202019 seconds
Number of updated asset objects reloaded before import = 0Number of asset objects unloaded after import = 3

========================================================================
Received Import Request.
  Time since last request: 0.260586 seconds.
  path: Assets/Space Backgroung Parallax Maker Asset/Sprites/BackGrounds/BKG LAYERS PNG/BKG 5/Bkg 5 Star Middle.png
  artifactKey: Guid(0c5560af5e2a17d48b15480ac6fc75c1) Importer(815301076,1909f56bfc062723c751e8b465ee728b)
Start importing Assets/Space Backgroung Parallax Maker Asset/Sprites/BackGrounds/BKG LAYERS PNG/BKG 5/Bkg 5 Star Middle.png using Guid(0c5560af5e2a17d48b15480ac6fc75c1) Importer(815301076,1909f56bfc062723c751e8b465ee728b) (PreviewImporter) -> (artifact id: '9dd28933cb5aca8346a75767a41e6399') in 0.0270723 seconds
Number of updated asset objects reloaded before import = 0Number of asset objects unloaded after import = 3

========================================================================
Received Import Request.
  Time since last request: 0.000031 seconds.
  path: Assets/Space Backgroung Parallax Maker Asset/Sprites/BackGrounds/BKG LAYERS PNG/BKG 6/Bkg 6 Planet.png
  artifactKey: Guid(32272399172ea0240847fc32923d2ce5) Importer(815301076,1909f56bfc062723c751e8b465ee728b)
Start importing Assets/Space Backgroung Parallax Maker Asset/Sprites/BackGrounds/BKG LAYERS PNG/BKG 6/Bkg 6 Planet.png using Guid(32272399172ea0240847fc32923d2ce5) Importer(815301076,1909f56bfc062723c751e8b465ee728b) (PreviewImporter) -> (artifact id: 'e6ab0c880b5ef9438ec2ee2edfd40481') in 0.0255532 seconds
Number of updated asset objects reloaded before import = 0Number of asset objects unloaded after import = 3

========================================================================
Received Import Request.
  Time since last request: 0.000645 seconds.
  path: Assets/Space Backgroung Parallax Maker Asset/Sprites/BackGrounds/BKG LAYERS PNG/BKG 6/Bkg 6 Star Middle.png
  artifactKey: Guid(ab6dca812b531e740aed19a785eda7fe) Importer(815301076,1909f56bfc062723c751e8b465ee728b)
Start importing Assets/Space Backgroung Parallax Maker Asset/Sprites/BackGrounds/BKG LAYERS PNG/BKG 6/Bkg 6 Star Middle.png using Guid(ab6dca812b531e740aed19a785eda7fe) Importer(815301076,1909f56bfc062723c751e8b465ee728b) (PreviewImporter) -> (artifact id: '3180b304d4f8cde98e5502374fccf2bb') in 0.0204406 seconds
Number of updated asset objects reloaded before import = 0Number of asset objects unloaded after import = 3

========================================================================
Received Import Request.
  Time since last request: 0.275688 seconds.
  path: Assets/Space Backgroung Parallax Maker Asset/Sprites/BackGrounds/BKG LAYERS PNG/BKG 7/Bkg 7 Big Stars.png
  artifactKey: Guid(5248e1fbe232ea64eb3248a70c34081c) Importer(815301076,1909f56bfc062723c751e8b465ee728b)
Start importing Assets/Space Backgroung Parallax Maker Asset/Sprites/BackGrounds/BKG LAYERS PNG/BKG 7/Bkg 7 Big Stars.png using Guid(5248e1fbe232ea64eb3248a70c34081c) Importer(815301076,1909f56bfc062723c751e8b465ee728b) (PreviewImporter) -> (artifact id: 'dfbc7f6f4452aeb6009053ede92cc0f1') in 0.0217812 seconds
Number of updated asset objects reloaded before import = 0Number of asset objects unloaded after import = 3

========================================================================
Received Import Request.
  Time since last request: 0.020321 seconds.
  path: Assets/Space Backgroung Parallax Maker Asset/Sprites/BackGrounds/BKG LAYERS PNG/BKG 7/Bkg 7 Middle Stars.png
  artifactKey: Guid(24f2ed08252e8c346b73a2e9edb0bf3c) Importer(815301076,1909f56bfc062723c751e8b465ee728b)
Start importing Assets/Space Backgroung Parallax Maker Asset/Sprites/BackGrounds/BKG LAYERS PNG/BKG 7/Bkg 7 Middle Stars.png using Guid(24f2ed08252e8c346b73a2e9edb0bf3c) Importer(815301076,1909f56bfc062723c751e8b465ee728b) (PreviewImporter) -> (artifact id: 'e15ea9c3ba577d3c884682ec564af8c1') in 0.0221495 seconds
Number of updated asset objects reloaded before import = 0Number of asset objects unloaded after import = 3

========================================================================
Received Import Request.
  Time since last request: 0.000021 seconds.
  path: Assets/Space Backgroung Parallax Maker Asset/Sprites/BackGrounds/BKG LAYERS PNG/BKG 7/Bkg 7 Small Stars.png
  artifactKey: Guid(9a59b1dfc4d978b4da28dfc3f7d05e75) Importer(815301076,1909f56bfc062723c751e8b465ee728b)
Start importing Assets/Space Backgroung Parallax Maker Asset/Sprites/BackGrounds/BKG LAYERS PNG/BKG 7/Bkg 7 Small Stars.png using Guid(9a59b1dfc4d978b4da28dfc3f7d05e75) Importer(815301076,1909f56bfc062723c751e8b465ee728b) (PreviewImporter) -> (artifact id: 'e153881402d10361195fa36c3a7aaed8') in 0.0229974 seconds
Number of updated asset objects reloaded before import = 0Number of asset objects unloaded after import = 3

========================================================================
Received Import Request.
  Time since last request: 0.318896 seconds.
  path: Assets/Space Backgroung Parallax Maker Asset/Sprites/BackGrounds/BKG LAYERS PNG/BKG 8/Bkg 8 Meteor.png
  artifactKey: Guid(684c4b7d965252244982683be27eb8f8) Importer(815301076,1909f56bfc062723c751e8b465ee728b)
Start importing Assets/Space Backgroung Parallax Maker Asset/Sprites/BackGrounds/BKG LAYERS PNG/BKG 8/Bkg 8 Meteor.png using Guid(684c4b7d965252244982683be27eb8f8) Importer(815301076,1909f56bfc062723c751e8b465ee728b) (PreviewImporter) -> (artifact id: '7d56872aa0522eec33b91c5b0024f017') in 0.0211583 seconds
Number of updated asset objects reloaded before import = 0Number of asset objects unloaded after import = 3

========================================================================
Received Import Request.
  Time since last request: 0.023620 seconds.
  path: Assets/Space Backgroung Parallax Maker Asset/Sprites/BackGrounds/BKG LAYERS PNG/BKG 8/Bkg 8 Planet.png
  artifactKey: Guid(4ad1354b3da182644baeefcccbf94fa5) Importer(815301076,1909f56bfc062723c751e8b465ee728b)
Start importing Assets/Space Backgroung Parallax Maker Asset/Sprites/BackGrounds/BKG LAYERS PNG/BKG 8/Bkg 8 Planet.png using Guid(4ad1354b3da182644baeefcccbf94fa5) Importer(815301076,1909f56bfc062723c751e8b465ee728b) (PreviewImporter) -> (artifact id: '502af2e61137e4323f5de286b73674ee') in 0.020557 seconds
Number of updated asset objects reloaded before import = 0Number of asset objects unloaded after import = 3

========================================================================
Received Import Request.
  Time since last request: 0.000019 seconds.
  path: Assets/Space Backgroung Parallax Maker Asset/Sprites/BackGrounds/BKG LAYERS PNG/BKG 8/Bkg 8 Super Nova.png
  artifactKey: Guid(8909ad79371bc504aa1498fd9da83411) Importer(815301076,1909f56bfc062723c751e8b465ee728b)
Start importing Assets/Space Backgroung Parallax Maker Asset/Sprites/BackGrounds/BKG LAYERS PNG/BKG 8/Bkg 8 Super Nova.png using Guid(8909ad79371bc504aa1498fd9da83411) Importer(815301076,1909f56bfc062723c751e8b465ee728b) (PreviewImporter) -> (artifact id: '02b040426e69b7b8ebb8d5819f0eb882') in 0.022327 seconds
Number of updated asset objects reloaded before import = 0Number of asset objects unloaded after import = 3

========================================================================
Received Import Request.
  Time since last request: 0.016980 seconds.
  path: Assets/ARCADE - FREE Racing Car/Skybox/Day/Textures/Bottom.png
  artifactKey: Guid(d09270a5be941b14e8cd76b7d0347e0b) Importer(815301076,1909f56bfc062723c751e8b465ee728b)
Start importing Assets/ARCADE - FREE Racing Car/Skybox/Day/Textures/Bottom.png using Guid(d09270a5be941b14e8cd76b7d0347e0b) Importer(815301076,1909f56bfc062723c751e8b465ee728b) (PreviewImporter) -> (artifact id: 'c4ed8af599ffe00d3689c2cec645b832') in 0.0136548 seconds
Number of updated asset objects reloaded before import = 0Number of asset objects unloaded after import = 2

========================================================================
Received Import Request.
  Time since last request: 0.006300 seconds.
  path: Assets/Flat Textures Pack/Textures/Cave_Bush.png
  artifactKey: Guid(f66cf91fe79cffe4bbe6a155e61e4bb7) Importer(815301076,1909f56bfc062723c751e8b465ee728b)
Start importing Assets/Flat Textures Pack/Textures/Cave_Bush.png using Guid(f66cf91fe79cffe4bbe6a155e61e4bb7) Importer(815301076,1909f56bfc062723c751e8b465ee728b) (PreviewImporter) -> (artifact id: '9021cf5c9bd9939f62db2707cb25dfb5') in 0.0149491 seconds
Number of updated asset objects reloaded before import = 0Number of asset objects unloaded after import = 2

========================================================================
Received Import Request.
  Time since last request: 0.264943 seconds.
  path: Assets/Flat Textures Pack/Textures/Cave_Cracks.png
  artifactKey: Guid(a2cd67599aa6c4749a6d6dae988081e1) Importer(815301076,1909f56bfc062723c751e8b465ee728b)
Start importing Assets/Flat Textures Pack/Textures/Cave_Cracks.png using Guid(a2cd67599aa6c4749a6d6dae988081e1) Importer(815301076,1909f56bfc062723c751e8b465ee728b) (PreviewImporter) -> (artifact id: '25d59b993f7f2abb8882aa811a2d464c') in 0.0155449 seconds
Number of updated asset objects reloaded before import = 0Number of asset objects unloaded after import = 2

========================================================================
Received Import Request.
  Time since last request: 0.017814 seconds.
  path: Assets/Flat Textures Pack/Textures/Cave_FireGround.png
  artifactKey: Guid(2c3a68b4404445e44bff84d1bb91c1f5) Importer(815301076,1909f56bfc062723c751e8b465ee728b)
Start importing Assets/Flat Textures Pack/Textures/Cave_FireGround.png using Guid(2c3a68b4404445e44bff84d1bb91c1f5) Importer(815301076,1909f56bfc062723c751e8b465ee728b) (PreviewImporter) -> (artifact id: '02dd31369fc912f8f20ca989318b63d3') in 0.0159031 seconds
Number of updated asset objects reloaded before import = 0Number of asset objects unloaded after import = 2

========================================================================
Received Import Request.
  Time since last request: 0.007929 seconds.
  path: Assets/Flat Textures Pack/Textures/Cave_LavaRocks_A.png
  artifactKey: Guid(a36ddfdef00715d48be4ba9fb4e538ae) Importer(815301076,1909f56bfc062723c751e8b465ee728b)
Start importing Assets/Flat Textures Pack/Textures/Cave_LavaRocks_A.png using Guid(a36ddfdef00715d48be4ba9fb4e538ae) Importer(815301076,1909f56bfc062723c751e8b465ee728b) (PreviewImporter) -> (artifact id: '16fb4d396bab065d085e2a545f2360c1') in 0.0147694 seconds
Number of updated asset objects reloaded before import = 0Number of asset objects unloaded after import = 2

========================================================================
Received Import Request.
  Time since last request: 0.006413 seconds.
  path: Assets/Flat Textures Pack/Textures/Cave_Magma_B.png
  artifactKey: Guid(f3f73fae8b0080b4b8c78a03d205b2e2) Importer(815301076,1909f56bfc062723c751e8b465ee728b)
Start importing Assets/Flat Textures Pack/Textures/Cave_Magma_B.png using Guid(f3f73fae8b0080b4b8c78a03d205b2e2) Importer(815301076,1909f56bfc062723c751e8b465ee728b) (PreviewImporter) -> (artifact id: '225e98a79fcabe41c7e0defeebe3367a') in 0.0151139 seconds
Number of updated asset objects reloaded before import = 0Number of asset objects unloaded after import = 2

========================================================================
Received Import Request.
  Time since last request: 0.256022 seconds.
  path: Assets/Flat Textures Pack/Textures/Cave_Spores.png
  artifactKey: Guid(9289c7337ada4bc45959b4ff82b1b784) Importer(815301076,1909f56bfc062723c751e8b465ee728b)
Start importing Assets/Flat Textures Pack/Textures/Cave_Spores.png using Guid(9289c7337ada4bc45959b4ff82b1b784) Importer(815301076,1909f56bfc062723c751e8b465ee728b) (PreviewImporter) -> (artifact id: 'f9da704ba8643a3cc925806d509dfb52') in 0.0175486 seconds
Number of updated asset objects reloaded before import = 0Number of asset objects unloaded after import = 2

========================================================================
Received Import Request.
  Time since last request: 0.023276 seconds.
  path: Assets/Flat Textures Pack/Textures/Desert_Cliff.png
  artifactKey: Guid(f19def3b08a4bf34da11bd34756ee17f) Importer(815301076,1909f56bfc062723c751e8b465ee728b)
Start importing Assets/Flat Textures Pack/Textures/Desert_Cliff.png using Guid(f19def3b08a4bf34da11bd34756ee17f) Importer(815301076,1909f56bfc062723c751e8b465ee728b) (PreviewImporter) -> (artifact id: '68f37734f3bf89010b755d8e18bfee63') in 0.0178243 seconds
Number of updated asset objects reloaded before import = 0Number of asset objects unloaded after import = 2

========================================================================
Received Import Request.
  Time since last request: 0.000026 seconds.
  path: Assets/Flat Textures Pack/Textures/Desert_Sand_A.png
  artifactKey: Guid(8970d1266546d104d9e26a1a97f2c74f) Importer(815301076,1909f56bfc062723c751e8b465ee728b)
Start importing Assets/Flat Textures Pack/Textures/Desert_Sand_A.png using Guid(8970d1266546d104d9e26a1a97f2c74f) Importer(815301076,1909f56bfc062723c751e8b465ee728b) (PreviewImporter) -> (artifact id: '697fd16cbf5bc9eabd4a78c3b1f0c334') in 0.0152341 seconds
Number of updated asset objects reloaded before import = 0Number of asset objects unloaded after import = 2

========================================================================
Received Import Request.
  Time since last request: 0.025607 seconds.
  path: Assets/Flat Textures Pack/Textures/Desert_Sand_B.png
  artifactKey: Guid(970ad6b6e3accb640a4bb916a1034bd4) Importer(815301076,1909f56bfc062723c751e8b465ee728b)
Start importing Assets/Flat Textures Pack/Textures/Desert_Sand_B.png using Guid(970ad6b6e3accb640a4bb916a1034bd4) Importer(815301076,1909f56bfc062723c751e8b465ee728b) (PreviewImporter) -> (artifact id: 'b2ade794a6cfb925769df7a7c08105cb') in 0.0165025 seconds
Number of updated asset objects reloaded before import = 0Number of asset objects unloaded after import = 2

========================================================================
Received Import Request.
  Time since last request: 1.097560 seconds.
  path: Assets/Flat Textures Pack/Textures/Summer_CrackedRock.png
  artifactKey: Guid(29b952018edebb44ca66eeedaa2411c7) Importer(815301076,1909f56bfc062723c751e8b465ee728b)
Start importing Assets/Flat Textures Pack/Textures/Summer_CrackedRock.png using Guid(29b952018edebb44ca66eeedaa2411c7) Importer(815301076,1909f56bfc062723c751e8b465ee728b) (PreviewImporter) -> (artifact id: 'a6ca3239124f8fffd778c05b22657c40') in 0.0168343 seconds
Number of updated asset objects reloaded before import = 0Number of asset objects unloaded after import = 2

========================================================================
Received Import Request.
  Time since last request: 0.000060 seconds.
  path: Assets/Flat Textures Pack/Textures/Summer_ForestRoad.png
  artifactKey: Guid(5ba259208ad985146a301e08de183a3f) Importer(815301076,1909f56bfc062723c751e8b465ee728b)
Start importing Assets/Flat Textures Pack/Textures/Summer_ForestRoad.png using Guid(5ba259208ad985146a301e08de183a3f) Importer(815301076,1909f56bfc062723c751e8b465ee728b) (PreviewImporter) -> (artifact id: 'f0e262f917a95e987bc653545575549b') in 0.0195826 seconds
Number of updated asset objects reloaded before import = 0Number of asset objects unloaded after import = 2

========================================================================
Received Import Request.
  Time since last request: 0.305289 seconds.
  path: Assets/Flat Textures Pack/Textures/Summer_Grass_A.png
  artifactKey: Guid(182a5f5d56040f3489e143cb041f2f10) Importer(815301076,1909f56bfc062723c751e8b465ee728b)
Start importing Assets/Flat Textures Pack/Textures/Summer_Grass_A.png using Guid(182a5f5d56040f3489e143cb041f2f10) Importer(815301076,1909f56bfc062723c751e8b465ee728b) (PreviewImporter) -> (artifact id: '06440ea4e78af7201b408acd6a117122') in 0.0239475 seconds
Number of updated asset objects reloaded before import = 0Number of asset objects unloaded after import = 2

========================================================================
Received Import Request.
  Time since last request: 0.000649 seconds.
  path: Assets/Flat Textures Pack/Textures/Summer_Mud_B.png
  artifactKey: Guid(12cde8a4716b7ba4198829c1cede3e17) Importer(815301076,1909f56bfc062723c751e8b465ee728b)
Start importing Assets/Flat Textures Pack/Textures/Summer_Mud_B.png using Guid(12cde8a4716b7ba4198829c1cede3e17) Importer(815301076,1909f56bfc062723c751e8b465ee728b) (PreviewImporter) -> (artifact id: 'c3351713bf99f4723dde6832b037cd03') in 0.018046 seconds
Number of updated asset objects reloaded before import = 0Number of asset objects unloaded after import = 2

========================================================================
Received Import Request.
  Time since last request: 0.024869 seconds.
  path: Assets/Flat Textures Pack/Textures/Summer_RiverPebbles.png
  artifactKey: Guid(0850fbb36b5346249a2687f29aa97e58) Importer(815301076,1909f56bfc062723c751e8b465ee728b)
Start importing Assets/Flat Textures Pack/Textures/Summer_RiverPebbles.png using Guid(0850fbb36b5346249a2687f29aa97e58) Importer(815301076,1909f56bfc062723c751e8b465ee728b) (PreviewImporter) -> (artifact id: 'e0a158a73352e7210e19db801e26d6d1') in 0.0156881 seconds
Number of updated asset objects reloaded before import = 0Number of asset objects unloaded after import = 2

========================================================================
Received Import Request.
  Time since last request: 0.274325 seconds.
  path: Assets/Flat Textures Pack/Textures/Summer_Wall.png
  artifactKey: Guid(b6729a0d44c32e94a9e0ead2606f79a2) Importer(815301076,1909f56bfc062723c751e8b465ee728b)
Start importing Assets/Flat Textures Pack/Textures/Summer_Wall.png using Guid(b6729a0d44c32e94a9e0ead2606f79a2) Importer(815301076,1909f56bfc062723c751e8b465ee728b) (PreviewImporter) -> (artifact id: 'e9114cfa0b55629d703640a043d894ff') in 0.0177487 seconds
Number of updated asset objects reloaded before import = 0Number of asset objects unloaded after import = 2

========================================================================
Received Import Request.
  Time since last request: 0.022925 seconds.
  path: Assets/ARCADE - FREE Racing Car/Skybox/Day/Textures/Top.png
  artifactKey: Guid(0ea79d67094ea414ca3f589eeac91a52) Importer(815301076,1909f56bfc062723c751e8b465ee728b)
Start importing Assets/ARCADE - FREE Racing Car/Skybox/Day/Textures/Top.png using Guid(0ea79d67094ea414ca3f589eeac91a52) Importer(815301076,1909f56bfc062723c751e8b465ee728b) (PreviewImporter) -> (artifact id: '69fed088ad26758cc47a7b86dd9ce414') in 0.0172046 seconds
Number of updated asset objects reloaded before import = 0Number of asset objects unloaded after import = 2

========================================================================
Received Import Request.
  Time since last request: 0.037362 seconds.
  path: Assets/Flat Textures Pack/Textures/Water_C.png
  artifactKey: Guid(ce394c0285519a34789bd1bf7495d077) Importer(815301076,1909f56bfc062723c751e8b465ee728b)
Start importing Assets/Flat Textures Pack/Textures/Water_C.png using Guid(ce394c0285519a34789bd1bf7495d077) Importer(815301076,1909f56bfc062723c751e8b465ee728b) (PreviewImporter) -> (artifact id: '2024c227a8daa11b073b703fcfc2a9f1') in 0.015669 seconds
Number of updated asset objects reloaded before import = 0Number of asset objects unloaded after import = 2

========================================================================
Received Import Request.
  Time since last request: 0.000019 seconds.
  path: Assets/Flat Textures Pack/Textures/Winter_ce_Cracked_B.png
  artifactKey: Guid(aec36e83e2786ac41afbe9372e4e4067) Importer(815301076,1909f56bfc062723c751e8b465ee728b)
Start importing Assets/Flat Textures Pack/Textures/Winter_ce_Cracked_B.png using Guid(aec36e83e2786ac41afbe9372e4e4067) Importer(815301076,1909f56bfc062723c751e8b465ee728b) (PreviewImporter) -> (artifact id: '523823b48010842e093ef8c7f2f32fc8') in 0.0137499 seconds
Number of updated asset objects reloaded before import = 0Number of asset objects unloaded after import = 2

========================================================================
Received Import Request.
  Time since last request: 0.256931 seconds.
  path: Assets/Flat Textures Pack/Textures/Winter_ChunkyIce.png
  artifactKey: Guid(5dcef4630307f1f468484c2e9d67cf30) Importer(815301076,1909f56bfc062723c751e8b465ee728b)
Start importing Assets/Flat Textures Pack/Textures/Winter_ChunkyIce.png using Guid(5dcef4630307f1f468484c2e9d67cf30) Importer(815301076,1909f56bfc062723c751e8b465ee728b) (PreviewImporter) -> (artifact id: 'f21f141449a2a6d8583ce318329d5df8') in 0.0155588 seconds
Number of updated asset objects reloaded before import = 0Number of asset objects unloaded after import = 2

========================================================================
Received Import Request.
  Time since last request: 0.001525 seconds.
  path: Assets/Flat Textures Pack/Textures/Winter_Flower.png
  artifactKey: Guid(cc7b23b24df12264a97f682f65915163) Importer(815301076,1909f56bfc062723c751e8b465ee728b)
Start importing Assets/Flat Textures Pack/Textures/Winter_Flower.png using Guid(cc7b23b24df12264a97f682f65915163) Importer(815301076,1909f56bfc062723c751e8b465ee728b) (PreviewImporter) -> (artifact id: 'f4c5aedb490650b756f28f686159dac5') in 0.0143736 seconds
Number of updated asset objects reloaded before import = 0Number of asset objects unloaded after import = 2

========================================================================
Received Import Request.
  Time since last request: 0.024775 seconds.
  path: Assets/Flat Textures Pack/Textures/Winter_Hardsnow.png
  artifactKey: Guid(fe04479d93e6897438d3c2856a88b89e) Importer(815301076,1909f56bfc062723c751e8b465ee728b)
Start importing Assets/Flat Textures Pack/Textures/Winter_Hardsnow.png using Guid(fe04479d93e6897438d3c2856a88b89e) Importer(815301076,1909f56bfc062723c751e8b465ee728b) (PreviewImporter) -> (artifact id: '0629a3125905a3c763b2ac328de5db25') in 0.0157831 seconds
Number of updated asset objects reloaded before import = 0Number of asset objects unloaded after import = 2

========================================================================
Received Import Request.
  Time since last request: 0.285631 seconds.
  path: Assets/Flat Textures Pack/Textures/Winter_Moss.png
  artifactKey: Guid(df43085a593068e4a8a5f9b8bfce1e8e) Importer(815301076,1909f56bfc062723c751e8b465ee728b)
Start importing Assets/Flat Textures Pack/Textures/Winter_Moss.png using Guid(df43085a593068e4a8a5f9b8bfce1e8e) Importer(815301076,1909f56bfc062723c751e8b465ee728b) (PreviewImporter) -> (artifact id: 'c703cb14aa0b760a1404dd46eb8d36bf') in 0.0183992 seconds
Number of updated asset objects reloaded before import = 0Number of asset objects unloaded after import = 2

========================================================================
Received Import Request.
  Time since last request: 0.021469 seconds.
  path: Assets/Flat Textures Pack/Textures/Winter_Snow_B.png
  artifactKey: Guid(1a96f8a365e354b408b073050647357f) Importer(815301076,1909f56bfc062723c751e8b465ee728b)
Start importing Assets/Flat Textures Pack/Textures/Winter_Snow_B.png using Guid(1a96f8a365e354b408b073050647357f) Importer(815301076,1909f56bfc062723c751e8b465ee728b) (PreviewImporter) -> (artifact id: 'f8a05d3024b0ac8b53b42b90126a74ae') in 0.0154864 seconds
Number of updated asset objects reloaded before import = 0Number of asset objects unloaded after import = 2

Editor requested this worker to shutdown with reason: Scaling down because of idle timeout
AssetImportWorker is now disconnected from the server
Process exiting
Exiting without the bug reporter. Application will terminate with return code 0